<?xml version="1.0" encoding="UTF-8"?>
<!-- Generated by org.testng.reporters.JUnitReportReporter -->
<testsuite hostname="IBM-GV582F3" failures="0" tests="1" name="tests.DropdownLocatorsTest" time="3.437" errors="0" timestamp="2025-06-10T08:01:30 GMT-07:00" skipped="0">
  <testcase classname="tests.DropdownLocatorsTest" name="validateAdultCountIncreased" time="3.437"/>
</testsuite> <!-- tests.DropdownLocatorsTest -->
