<?xml version="1.0" encoding="UTF-8"?>
<!-- Generated by org.testng.reporters.JUnitReportReporter -->
<testsuite hostname="HOME" failures="0" tests="1" name="tests.AutoSuggestiveDDTest" time="2.508" errors="0" timestamp="2025-06-08T22:09:07 IST" skipped="0">
  <testcase classname="tests.AutoSuggestiveDDTest" name="validateCorrectDropDownSelected" time="2.508"/>
</testsuite> <!-- tests.AutoSuggestiveDDTest -->
