<?xml version="1.0" encoding="UTF-8"?>
<!-- Generated by org.testng.reporters.JUnitReportReporter -->
<testsuite hostname="HOME" failures="0" tests="2" name="tests.LocatorsTest" time="4.681" errors="0" timestamp="2025-06-07T17:54:54 IST" skipped="0">
  <testcase classname="tests.LocatorsTest" name="LoginTest" time="2.269"/>
  <testcase classname="tests.LocatorsTest" name="forgotPasswordTest" time="2.412"/>
</testsuite> <!-- tests.LocatorsTest -->
