<?xml version="1.0" encoding="UTF-8"?>
<!-- Generated by org.testng.reporters.JUnitReportReporter -->
<testsuite hostname="HOME" failures="0" tests="3" name="tests.LocatorsUsingXpathTest" time="6.974" errors="0" timestamp="2025-06-08T11:20:50 IST" skipped="0">
  <testcase classname="tests.LocatorsUsingXpathTest" name="successfulLoginAndLogoutTest" time="2.537"/>
  <testcase classname="tests.LocatorsUsingXpathTest" name="LoginTest" time="2.357"/>
  <testcase classname="tests.LocatorsUsingXpathTest" name="forgotPasswordTest" time="2.080"/>
</testsuite> <!-- tests.LocatorsUsingXpathTest -->
