<?xml version="1.0" encoding="UTF-8"?>
<!-- Generated by org.testng.reporters.JUnitReportReporter -->
<testsuite hostname="HOME" failures="0" tests="1" name="tests.Assignment8Test" time="2.841" errors="0" timestamp="2025-06-11T12:39:16 IST" skipped="0">
  <testcase classname="tests.Assignment8Test" name="assignment8" time="2.841"/>
</testsuite> <!-- tests.Assignment8Test -->
