<?xml version="1.0" encoding="UTF-8"?>
<!-- Generated by org.testng.reporters.JUnitReportReporter -->
<testsuite hostname="HOME" failures="0" tests="1" name="tests.Assignment4Test" time="4.048" errors="0" timestamp="2025-06-11T12:39:16 IST" skipped="0">
  <testcase classname="tests.Assignment4Test" name="assignment4" time="4.048"/>
</testsuite> <!-- tests.Assignment4Test -->
