<?xml version="1.0" encoding="UTF-8"?>
<!-- Generated by org.testng.reporters.JUnitReportReporter -->
<testsuite hostname="HOME" failures="0" tests="1" name="tests.Assignment1Test" time="2.853" errors="0" timestamp="2025-06-11T12:39:16 IST" skipped="0">
  <testcase classname="tests.Assignment1Test" name="assignment1" time="2.853"/>
</testsuite> <!-- tests.Assignment1Test -->
