<?xml version="1.0" encoding="UTF-8"?>
<!-- Generated by org.testng.reporters.JUnitReportReporter -->
<testsuite hostname="HOME" failures="0" tests="1" name="tests.AutoSuggestiveDDTest" time="2.371" errors="0" timestamp="2025-06-10T23:56:52 IST" skipped="0">
  <testcase classname="tests.AutoSuggestiveDDTest" name="validateCorrectDropDownSelected" time="2.371"/>
</testsuite> <!-- tests.AutoSuggestiveDDTest -->
