<?xml version="1.0" encoding="UTF-8"?>
<!-- Generated by org.testng.reporters.JUnitReportReporter -->
<testsuite hostname="HOME" failures="0" tests="1" name="tests.Assignment2Test" time="1.388" errors="0" timestamp="2025-06-11T12:39:16 IST" skipped="0">
  <testcase classname="tests.Assignment2Test" name="assignment2" time="1.388"/>
</testsuite> <!-- tests.Assignment2Test -->
