<?xml version="1.0" encoding="UTF-8"?>
<!-- Generated by org.testng.reporters.JUnitReportReporter -->
<testsuite hostname="HOME" failures="0" tests="3" name="tests.LocatorsUsingCSSTest" time="6.974" errors="0" timestamp="2025-06-08T21:47:38 IST" skipped="0">
  <testcase classname="tests.LocatorsUsingCSSTest" name="successfulLoginAndLogoutTest" time="2.507"/>
  <testcase classname="tests.LocatorsUsingCSSTest" name="forgotPasswordTest" time="2.144"/>
  <testcase classname="tests.LocatorsUsingCSSTest" name="LoginTest" time="2.323"/>
</testsuite> <!-- tests.LocatorsUsingCSSTest -->
