<?xml version="1.0" encoding="UTF-8"?>
<!-- Generated by org.testng.reporters.JUnitReportReporter -->
<testsuite hostname="HOME" failures="0" tests="3" name="tests.LocatorsUsingCSSTest" time="7.412" errors="0" timestamp="2025-06-08T07:19:40 IST" skipped="0">
  <testcase classname="tests.LocatorsUsingCSSTest" name="successfulLoginAndLogoutTest" time="2.575"/>
  <testcase classname="tests.LocatorsUsingCSSTest" name="forgotPasswordTest" time="2.026"/>
  <testcase classname="tests.LocatorsUsingCSSTest" name="LoginTest" time="2.811"/>
</testsuite> <!-- tests.LocatorsUsingCSSTest -->
