<?xml version="1.0" encoding="UTF-8"?>
<!-- Generated by org.testng.reporters.JUnitReportReporter -->
<testsuite hostname="HOME" failures="0" tests="3" name="tests.LocatorsTest" time="6.200" errors="0" timestamp="2025-06-08T11:20:50 IST" skipped="0">
  <testcase classname="tests.LocatorsTest" name="LoginTest" time="2.341"/>
  <testcase classname="tests.LocatorsTest" name="successfulLoginTest" time="1.745"/>
  <testcase classname="tests.LocatorsTest" name="forgotPasswordTest" time="2.114"/>
</testsuite> <!-- tests.LocatorsTest -->
