<?xml version="1.0" encoding="UTF-8"?>
<!-- Generated by org.testng.reporters.JUnitReportReporter -->
<testsuite hostname="HOME" failures="0" tests="1" name="tests.DropdownLocatorsTest" time="2.128" errors="0" timestamp="2025-06-10T23:56:52 IST" skipped="0">
  <testcase classname="tests.DropdownLocatorsTest" name="validateAdultCountIncreased" time="2.128"/>
</testsuite> <!-- tests.DropdownLocatorsTest -->
