<?xml version="1.0" encoding="UTF-8"?>
<!-- Generated by org.testng.reporters.JUnitReportReporter -->
<testsuite hostname="HOME" failures="0" tests="3" name="tests.LocatorsTest" time="7.481" errors="0" timestamp="2025-06-08T21:47:38 IST" skipped="0">
  <testcase classname="tests.LocatorsTest" name="forgotPasswordTest" time="3.080"/>
  <testcase classname="tests.LocatorsTest" name="successfulLoginTest" time="1.947"/>
  <testcase classname="tests.LocatorsTest" name="LoginTest" time="2.454"/>
</testsuite> <!-- tests.LocatorsTest -->
