<?xml version="1.0" encoding="UTF-8"?>
<!-- Generated by org.testng.reporters.JUnitReportReporter -->
<testsuite hostname="HOME" failures="0" tests="1" name="tests.DropdownDynamicTest" time="1.994" errors="0" timestamp="2025-06-10T23:56:52 IST" skipped="0">
  <testcase classname="tests.DropdownDynamicTest" name="validateDynamicDropdown" time="1.994"/>
</testsuite> <!-- tests.DropdownDynamicTest -->
