<?xml version="1.0" encoding="UTF-8"?>
<!-- Generated by org.testng.reporters.JUnitReportReporter -->
<testsuite hostname="HOME" failures="0" tests="3" name="tests.LocatorsUsingXpathTest" time="7.383" errors="0" timestamp="2025-06-08T10:57:01 IST" skipped="0">
  <testcase classname="tests.LocatorsUsingXpathTest" name="LoginTest" time="2.453"/>
  <testcase classname="tests.LocatorsUsingXpathTest" name="forgotPasswordTest" time="2.223"/>
  <testcase classname="tests.LocatorsUsingXpathTest" name="successfulLoginAndLogoutTest" time="2.707"/>
</testsuite> <!-- tests.LocatorsUsingXpathTest -->
