<?xml version="1.0" encoding="UTF-8"?>
<!-- Generated by org.testng.reporters.JUnitReportReporter -->
<testsuite hostname="HOME" failures="0" tests="3" name="tests.LocatorsUsingXpathPCSTest" time="6.873" errors="0" timestamp="2025-06-08T21:47:38 IST" skipped="0">
  <testcase classname="tests.LocatorsUsingXpathPCSTest" name="forgotPasswordTest" time="2.027"/>
  <testcase classname="tests.LocatorsUsingXpathPCSTest" name="LoginTest" time="2.317"/>
  <testcase classname="tests.LocatorsUsingXpathPCSTest" name="successfulLoginAndLogoutTest" time="2.529"/>
</testsuite> <!-- tests.LocatorsUsingXpathPCSTest -->
