<?xml version="1.0" encoding="UTF-8"?>
<!-- Generated by org.testng.reporters.JUnitReportReporter -->
<testsuite hostname="HOME" failures="0" tests="3" name="tests.LocatorsUsingCSSTest" time="6.982" errors="0" timestamp="2025-06-08T11:20:50 IST" skipped="0">
  <testcase classname="tests.LocatorsUsingCSSTest" name="forgotPasswordTest" time="2.103"/>
  <testcase classname="tests.LocatorsUsingCSSTest" name="successfulLoginAndLogoutTest" time="2.518"/>
  <testcase classname="tests.LocatorsUsingCSSTest" name="LoginTest" time="2.361"/>
</testsuite> <!-- tests.LocatorsUsingCSSTest -->
