<?xml version="1.0" encoding="UTF-8"?>
<!-- Generated by org.testng.reporters.JUnitReportReporter -->
<testsuite hostname="HOME" failures="0" tests="3" name="tests.LocatorsUsingXpathTest" time="7.013" errors="0" timestamp="2025-06-08T21:47:38 IST" skipped="0">
  <testcase classname="tests.LocatorsUsingXpathTest" name="LoginTest" time="2.340"/>
  <testcase classname="tests.LocatorsUsingXpathTest" name="successfulLoginAndLogoutTest" time="2.671"/>
  <testcase classname="tests.LocatorsUsingXpathTest" name="forgotPasswordTest" time="2.002"/>
</testsuite> <!-- tests.LocatorsUsingXpathTest -->
