<?xml version="1.0" encoding="UTF-8"?>
<!-- Generated by org.testng.reporters.JUnitReportReporter -->
<testsuite hostname="HOME" failures="0" tests="3" name="tests.LocatorsUsingXpathPCSTest" time="7.634" errors="0" timestamp="2025-06-08T10:48:07 IST" skipped="0">
  <testcase classname="tests.LocatorsUsingXpathPCSTest" name="LoginTest" time="2.455"/>
  <testcase classname="tests.LocatorsUsingXpathPCSTest" name="successfulLoginAndLogoutTest" time="2.630"/>
  <testcase classname="tests.LocatorsUsingXpathPCSTest" name="forgotPasswordTest" time="2.549"/>
</testsuite> <!-- tests.LocatorsUsingXpathPCSTest -->
