<?xml version="1.0" encoding="UTF-8"?>
<!-- Generated by org.testng.reporters.JUnitReportReporter -->
<testsuite hostname="HOME" failures="0" tests="3" name="tests.LocatorsUsingXpathTest" time="7.390" errors="0" timestamp="2025-06-08T07:40:29 IST" skipped="0">
  <testcase classname="tests.LocatorsUsingXpathTest" name="LoginTest" time="2.384"/>
  <testcase classname="tests.LocatorsUsingXpathTest" name="successfulLoginAndLogoutTest" time="2.564"/>
  <testcase classname="tests.LocatorsUsingXpathTest" name="forgotPasswordTest" time="2.442"/>
</testsuite> <!-- tests.LocatorsUsingXpathTest -->
